0 info it worked if it ends with ok
1 verbose cli [ 'node', '/usr/local/bin/npm', 'install', '-g', 'pakmanager' ]
2 info using npm@2.11.2
3 info using node@v0.12.5
4 verbose install initial load of /usr/local/lib/package.json
5 verbose readDependencies loading dependencies from /usr/local/lib/package.json
6 silly cache add args [ 'pakmanager', null ]
7 verbose cache add spec pakmanager
8 silly cache add parsed spec { raw: 'pakmanager',
8 silly cache add   scope: null,
8 silly cache add   name: 'pakmanager',
8 silly cache add   rawSpec: '',
8 silly cache add   spec: '*',
8 silly cache add   type: 'range' }
9 silly addNamed pakmanager@*
10 verbose addNamed "*" is a valid semver range for pakmanager
11 silly addNameRange { name: 'pakmanager', range: '*', hasData: false }
12 silly mapToRegistry name pakmanager
13 silly mapToRegistry using default registry
14 silly mapToRegistry registry https://registry.npmjs.org/
15 silly mapToRegistry uri https://registry.npmjs.org/pakmanager
16 verbose addNameRange registry:https://registry.npmjs.org/pakmanager not in flight; fetching
17 verbose request uri https://registry.npmjs.org/pakmanager
18 verbose request no auth needed
19 info attempt registry request try #1 at 11:40:37 PM
20 verbose request using bearer token for auth
21 verbose request id 52a9a8cb75a6d171
22 http request GET https://registry.npmjs.org/pakmanager
23 http 200 https://registry.npmjs.org/pakmanager
24 silly get cb [ 200,
24 silly get   { server: 'CouchDB/1.5.0 (Erlang OTP/R16B03)',
24 silly get     etag: '"6FONFS7RA6EPQFFFUONOT3YZ2"',
24 silly get     'content-type': 'application/json',
24 silly get     'cache-control': 'max-age=300',
24 silly get     'content-length': '34236',
24 silly get     'accept-ranges': 'bytes',
24 silly get     date: 'Fri, 08 Jan 2016 05:40:37 GMT',
24 silly get     via: '1.1 varnish',
24 silly get     connection: 'keep-alive',
24 silly get     'x-served-by': 'cache-iad2129-IAD',
24 silly get     'x-cache': 'MISS',
24 silly get     'x-cache-hits': '0',
24 silly get     'x-timer': 'S1452231637.691331,VS0,VE175',
24 silly get     vary: 'Accept' } ]
25 verbose get saving pakmanager to /Users/srujangopu/.npm/registry.npmjs.org/pakmanager/.cache.json
26 silly addNameRange number 2 { name: 'pakmanager', range: '*', hasData: true }
27 silly addNameRange versions [ 'pakmanager',
27 silly addNameRange   [ '0.8.1',
27 silly addNameRange     '0.8.4',
27 silly addNameRange     '0.8.5',
27 silly addNameRange     '0.8.6',
27 silly addNameRange     '0.8.7',
27 silly addNameRange     '0.8.8',
27 silly addNameRange     '0.11.3',
27 silly addNameRange     '0.11.4',
27 silly addNameRange     '0.11.5',
27 silly addNameRange     '0.11.6',
27 silly addNameRange     '0.11.7',
27 silly addNameRange     '0.11.8',
27 silly addNameRange     '0.12.0',
27 silly addNameRange     '0.12.1' ] ]
28 silly addNamed pakmanager@0.12.1
29 verbose addNamed "0.12.1" is a plain semver version for pakmanager
30 silly mapToRegistry name pakmanager
31 silly mapToRegistry using default registry
32 silly mapToRegistry registry https://registry.npmjs.org/
33 silly mapToRegistry uri https://registry.npmjs.org/pakmanager
34 verbose addRemoteTarball https://registry.npmjs.org/pakmanager/-/pakmanager-0.12.1.tgz not in flight; adding
35 verbose addRemoteTarball [ 'https://registry.npmjs.org/pakmanager/-/pakmanager-0.12.1.tgz',
35 verbose addRemoteTarball   '6b0cfc746678e3041ba452ca43a84bc5a6552406' ]
36 info retry fetch attempt 1 at 11:40:37 PM
37 info attempt registry request try #1 at 11:40:37 PM
38 http fetch GET https://registry.npmjs.org/pakmanager/-/pakmanager-0.12.1.tgz
39 verbose request using bearer token for auth
40 http fetch 200 https://registry.npmjs.org/pakmanager/-/pakmanager-0.12.1.tgz
41 silly fetchAndShaCheck shasum 6b0cfc746678e3041ba452ca43a84bc5a6552406
42 verbose addTmpTarball /var/folders/3_/8fgfrqk121v92vhlbwfgz0vr0000gn/T/npm-16883-0d932714/registry.npmjs.org/pakmanager/-/pakmanager-0.12.1.tgz not in flight; adding
43 verbose addTmpTarball already have metadata; skipping unpack for pakmanager@0.12.1
44 silly cache afterAdd pakmanager@0.12.1
45 verbose afterAdd /Users/srujangopu/.npm/pakmanager/0.12.1/package/package.json not in flight; writing
46 verbose afterAdd /Users/srujangopu/.npm/pakmanager/0.12.1/package/package.json written
47 silly install resolved [ { author:
47 silly install resolved      { name: 'AJ ONeal',
47 silly install resolved        email: 'coolaj86@gmail.com',
47 silly install resolved        url: 'http://coolaj86.info' },
47 silly install resolved     name: 'pakmanager',
47 silly install resolved     description: 'A demo package manager using the pakman API.',
47 silly install resolved     version: '0.12.1',
47 silly install resolved     homepage: 'https://github.com/coolaj86/node-pakman',
47 silly install resolved     repository:
47 silly install resolved      { type: 'git',
47 silly install resolved        url: 'git://github.com/coolaj86/node-pakman.git' },
47 silly install resolved     main: 'lib/index',
47 silly install resolved     lib: 'lib',
47 silly install resolved     bin: { pakmanager: 'bin/pakmanager.js' },
47 silly install resolved     scripts: { test: 'pakmanager' },
47 silly install resolved     engines: { node: '>=0.4' },
47 silly install resolved     dependencies: { pakman: '>=0.11.5 <0.12.0', argparse: '>=0.1.5 <0.2.0' },
47 silly install resolved     devDependencies: {},
47 silly install resolved     readme: 'pakmanager\n===\n\nAn example (and fully functional) package manager built on the [`pakman`](http://github.com/coolaj86/node-pakman) and `npm` APIs.\n\nInstallation\n===\n\nIf you haven\'t already set your NPM author info, now you should:\n\n    npm set init.author.name "Your Name"\n    npm set init.author.email "you@example.com"\n    npm set init.author.url "http://yourblog.com"\n\n    npm adduser\n\nAnd install pakmanager:\n\n    npm install -g pakmanager\n\nUsage\n===\n\nIn short: run `pakmanager build` wherever `package.json` exists\n\nCreate your project\n\n    PROJECT=~/Code/some-project\n    mkdir -p ${PROJECT}/lib\n    cd ${PROJECT}\n    touch lib/index.js\n    npm init\n\nNOTE: Your code will be wrapped in a strict-mode closure - so don\'t use "The Bad Parts" TM such as using `this` to refer to the global object. See [jshint](http://jshint.com).\n\n    (function () { "use strict";\n      var module = { exports: {} };\n      /*** your code pasted here ***/ \n      provide(\'providename\', module);\n    }());\n\nMark as private if need be by editing `package.json` and adding `"private": true,`\n\nTest and build your module\n\n    pakmanager deps\n    pakmanager build\n    # edit pakmanaged-test.js\n    # open pakmanaged.html to see about any errors\n\nAnd you might want to publish your module\n\n    npm publish ./\n\n\nCLI / API\n===\n\n    pakmanager deps       # list all dependencies\n    pakmanager build      # builds package.json.browserDependencies and package.json.main\n\n    rm -rf pakmanaged.js ./node_modules # clean old builds\n\nInternal API\n===\n\n    #create(config)\n    #init(cb, config)\n\n    config.packageRoot\n\nTODO\n===\n\nlinting\n\njshint code and report errors\n\nAdd to API\n\n    pakmanager init       # creates / updates package.json\n    pakmanager install    # installs package.json.browserDependencies into ./node_modules\n    pakmanager clean      # rm -rf ./node_modules\n    pakmanager rebuild    # clean, build\n    pakmanager add        # add module@ver to package.json.browserDependencies\n    pakmanager set        # set module@ver in package.json.browserDependencies\n',
47 silly install resolved     readmeFilename: 'README.md',
47 silly install resolved     _id: 'pakmanager@0.12.1',
47 silly install resolved     dist:
47 silly install resolved      { shasum: '6b0cfc746678e3041ba452ca43a84bc5a6552406',
47 silly install resolved        tarball: 'http://registry.npmjs.org/pakmanager/-/pakmanager-0.12.1.tgz' },
47 silly install resolved     _from: 'pakmanager@*',
47 silly install resolved     _npmVersion: '1.2.15',
47 silly install resolved     _npmUser: { name: 'coolaj86', email: 'coolaj86@gmail.com' },
47 silly install resolved     maintainers: [ [Object] ],
47 silly install resolved     directories: {},
47 silly install resolved     _shasum: '6b0cfc746678e3041ba452ca43a84bc5a6552406',
47 silly install resolved     _resolved: 'https://registry.npmjs.org/pakmanager/-/pakmanager-0.12.1.tgz' } ]
48 info install pakmanager@0.12.1 into /usr/local/lib
49 info installOne pakmanager@0.12.1
50 verbose installOne of pakmanager to /usr/local/lib not in flight; installing
51 verbose lock using /Users/srujangopu/.npm/_locks/pakmanager-9882156f734bc2a5.lock for /usr/local/lib/node_modules/pakmanager
52 silly install write writing pakmanager 0.12.1 to /usr/local/lib/node_modules/pakmanager
53 verbose unbuild lib/node_modules/pakmanager
54 silly gentlyRm /usr/local/lib/node_modules/pakmanager is being purged from base /usr/local
55 verbose gentlyRm don't care about contents; nuking /usr/local/lib/node_modules/pakmanager
56 verbose tar unpack /Users/srujangopu/.npm/pakmanager/0.12.1/package.tgz
57 verbose tar unpacking to /usr/local/lib/node_modules/pakmanager
58 silly gentlyRm /usr/local/lib/node_modules/pakmanager is being purged
59 verbose gentlyRm don't care about contents; nuking /usr/local/lib/node_modules/pakmanager
60 silly gunzTarPerm modes [ '755', '644' ]
61 error tar.unpack untar error /Users/srujangopu/.npm/pakmanager/0.12.1/package.tgz
62 verbose unlock done using /Users/srujangopu/.npm/_locks/pakmanager-9882156f734bc2a5.lock for /usr/local/lib/node_modules/pakmanager
63 verbose fstream_path /usr/local/lib/node_modules/pakmanager
64 verbose fstream_type Directory
65 verbose fstream_class DirWriter
66 verbose stack Error: EACCES, mkdir '/usr/local/lib/node_modules/pakmanager'
66 verbose stack     at Error (native)
67 verbose fstream_stack /usr/local/lib/node_modules/npm/node_modules/fstream/lib/dir-writer.js:35:25
67 verbose fstream_stack /usr/local/lib/node_modules/npm/node_modules/mkdirp/index.js:47:53
67 verbose fstream_stack FSReqWrap.oncomplete (fs.js:95:15)
68 verbose cwd /Users/srujangopu/WebstormProjects/JSONUtil
69 error Darwin 14.3.0
70 error argv "node" "/usr/local/bin/npm" "install" "-g" "pakmanager"
71 error node v0.12.5
72 error npm  v2.11.2
73 error path /usr/local/lib/node_modules/pakmanager
74 error code EACCES
75 error errno -13
76 error Error: EACCES, mkdir '/usr/local/lib/node_modules/pakmanager'
76 error     at Error (native)
76 error  { [Error: EACCES, mkdir '/usr/local/lib/node_modules/pakmanager']
76 error   errno: -13,
76 error   code: 'EACCES',
76 error   path: '/usr/local/lib/node_modules/pakmanager',
76 error   fstream_type: 'Directory',
76 error   fstream_path: '/usr/local/lib/node_modules/pakmanager',
76 error   fstream_class: 'DirWriter',
76 error   fstream_stack:
76 error    [ '/usr/local/lib/node_modules/npm/node_modules/fstream/lib/dir-writer.js:35:25',
76 error      '/usr/local/lib/node_modules/npm/node_modules/mkdirp/index.js:47:53',
76 error      'FSReqWrap.oncomplete (fs.js:95:15)' ] }
77 error Please try running this command again as root/Administrator.
78 verbose exit [ -13, true ]
79 verbose unbuild lib/node_modules/pakmanager
80 silly gentlyRm /usr/local/lib/node_modules/pakmanager is being purged from base /usr/local
81 verbose gentlyRm don't care about contents; nuking /usr/local/lib/node_modules/pakmanager
